<?xml version="1.0" encoding="UTF-8"?>
<testsuite xmlns:xsi="http://www.w3.org/2001/XMLSchema-instance" xsi:noNamespaceSchemaLocation="https://maven.apache.org/surefire/maven-surefire-plugin/xsd/surefire-test-report-3.0.xsd" version="3.0" name="com.sivalab.laboperations.integration.BasicIntegrationTest" time="1.217" tests="8" errors="0" skipped="0" failures="0">
  <properties>
[...]
</properties>
  <testcase name="testHealthEndpoint" classname="com.sivalab.laboperations.integration.BasicIntegrationTest" time="0.131">
    <system-out><![CDATA[&amp#27;[2m2025-09-12T11:41:27.618+05:30&amp#27;[0;39m &amp#27;[32m INFO&amp#27;[0;39m &amp#27;[35m81373&amp#27;[0;39m &amp#27;[2m---&amp#27;[0;39m &amp#27;[2m[lab-operations] [           main]&amp#27;[0;39m &amp#27;[2m&amp#27;[0;39m&amp#27;[36mt.c.s.AnnotationConfigContextLoaderUtils&amp#27;[0;39m &amp#27;[2m:&amp#27;[0;39m Could not detect default configuration classes for test class [com.sivalab.laboperations.integration.BasicIntegrationTest]: BasicIntegrationTest does not declare any static, non-private, non-final, nested classes annotated with @Configuration.
&amp#27;[2m2025-09-12T11:41:27.624+05:30&amp#27;[0;39m &amp#27;[32m INFO&amp#27;[0;39m &amp#27;[35m81373&amp#27;[0;39m &amp#27;[2m---&amp#27;[0;39m &amp#27;[2m[lab-operations] [           main]&amp#27;[0;39m &amp#27;[2m&amp#27;[0;39m&amp#27;[36m.b.t.c.SpringBootTestContextBootstrapper&amp#27;[0;39m &amp#27;[2m:&amp#27;[0;39m Found @SpringBootConfiguration com.sivalab.laboperations.LabOperationsApplication for test class com.sivalab.laboperations.integration.BasicIntegrationTest
&amp#27;[2m2025-09-12T11:41:27.626+05:30&amp#27;[0;39m &amp#27;[32m INFO&amp#27;[0;39m &amp#27;[35m81373&amp#27;[0;39m &amp#27;[2m---&amp#27;[0;39m &amp#27;[2m[lab-operations] [           main]&amp#27;[0;39m &amp#27;[2m&amp#27;[0;39m&amp#27;[36mo.s.b.d.r.RestartApplicationListener    &amp#27;[0;39m &amp#27;[2m:&amp#27;[0;39m Restart disabled due to context in which it is running

  .   ____          _            __ _ _
 /\\ / ___'_ __ _ _(_)_ __  __ _ \ \ \ \
( ( )\___ | '_ | '_| | '_ \/ _` | \ \ \ \
 \\/  ___)| |_)| | | | | || (_| |  ) ) ) )
  '  |____| .__|_| |_|_| |_\__, | / / / /
 =========|_|==============|___/=/_/_/_/
&amp#27;[32m :: Spring Boot :: &amp#27;[39m              &amp#27;[2m (v3.2.0)&amp#27;[0;39m

&amp#27;[2m2025-09-12T11:41:27.645+05:30&amp#27;[0;39m &amp#27;[32m INFO&amp#27;[0;39m &amp#27;[35m81373&amp#27;[0;39m &amp#27;[2m---&amp#27;[0;39m &amp#27;[2m[lab-operations] [           main]&amp#27;[0;39m &amp#27;[2m&amp#27;[0;39m&amp#27;[36mc.s.l.integration.BasicIntegrationTest  &amp#27;[0;39m &amp#27;[2m:&amp#27;[0;39m Starting BasicIntegrationTest using Java 24.0.2 with PID 81373 (started by ramgopal in /Users/ramgopal/Desktop/siva_lab)
&amp#27;[2m2025-09-12T11:41:27.645+05:30&amp#27;[0;39m &amp#27;[32mDEBUG&amp#27;[0;39m &amp#27;[35m81373&amp#27;[0;39m &amp#27;[2m---&amp#27;[0;39m &amp#27;[2m[lab-operations] [           main]&amp#27;[0;39m &amp#27;[2m&amp#27;[0;39m&amp#27;[36mc.s.l.integration.BasicIntegrationTest  &amp#27;[0;39m &amp#27;[2m:&amp#27;[0;39m Running with Spring Boot v3.2.0, Spring v6.1.1
&amp#27;[2m2025-09-12T11:41:27.645+05:30&amp#27;[0;39m &amp#27;[32m INFO&amp#27;[0;39m &amp#27;[35m81373&amp#27;[0;39m &amp#27;[2m---&amp#27;[0;39m &amp#27;[2m[lab-operations] [           main]&amp#27;[0;39m &amp#27;[2m&amp#27;[0;39m&amp#27;[36mc.s.l.integration.BasicIntegrationTest  &amp#27;[0;39m &amp#27;[2m:&amp#27;[0;39m The following 1 profile is active: "local"
&amp#27;[2m2025-09-12T11:41:27.763+05:30&amp#27;[0;39m &amp#27;[32m INFO&amp#27;[0;39m &amp#27;[35m81373&amp#27;[0;39m &amp#27;[2m---&amp#27;[0;39m &amp#27;[2m[lab-operations] [           main]&amp#27;[0;39m &amp#27;[2m&amp#27;[0;39m&amp#27;[36m.s.d.r.c.RepositoryConfigurationDelegate&amp#27;[0;39m &amp#27;[2m:&amp#27;[0;39m Bootstrapping Spring Data JPA repositories in DEFAULT mode.
&amp#27;[2m2025-09-12T11:41:27.768+05:30&amp#27;[0;39m &amp#27;[32m INFO&amp#27;[0;39m &amp#27;[35m81373&amp#27;[0;39m &amp#27;[2m---&amp#27;[0;39m &amp#27;[2m[lab-operations] [           main]&amp#27;[0;39m &amp#27;[2m&amp#27;[0;39m&amp#27;[36m.s.d.r.c.RepositoryConfigurationDelegate&amp#27;[0;39m &amp#27;[2m:&amp#27;[0;39m Finished Spring Data repository scanning in 5 ms. Found 4 JPA repository interfaces.
&amp#27;[2m2025-09-12T11:41:27.904+05:30&amp#27;[0;39m &amp#27;[32m INFO&amp#27;[0;39m &amp#27;[35m81373&amp#27;[0;39m &amp#27;[2m---&amp#27;[0;39m &amp#27;[2m[lab-operations] [           main]&amp#27;[0;39m &amp#27;[2m&amp#27;[0;39m&amp#27;[36mo.s.b.w.embedded.tomcat.TomcatWebServer &amp#27;[0;39m &amp#27;[2m:&amp#27;[0;39m Tomcat initialized with port 0 (http)
&amp#27;[2m2025-09-12T11:41:27.909+05:30&amp#27;[0;39m &amp#27;[32m INFO&amp#27;[0;39m &amp#27;[35m81373&amp#27;[0;39m &amp#27;[2m---&amp#27;[0;39m &amp#27;[2m[lab-operations] [           main]&amp#27;[0;39m &amp#27;[2m&amp#27;[0;39m&amp#27;[36mo.apache.catalina.core.StandardService  &amp#27;[0;39m &amp#27;[2m:&amp#27;[0;39m Starting service [Tomcat]
&amp#27;[2m2025-09-12T11:41:27.909+05:30&amp#27;[0;39m &amp#27;[32m INFO&amp#27;[0;39m &amp#27;[35m81373&amp#27;[0;39m &amp#27;[2m---&amp#27;[0;39m &amp#27;[2m[lab-operations] [           main]&amp#27;[0;39m &amp#27;[2m&amp#27;[0;39m&amp#27;[36mo.apache.catalina.core.StandardEngine   &amp#27;[0;39m &amp#27;[2m:&amp#27;[0;39m Starting Servlet engine: [Apache Tomcat/10.1.16]
&amp#27;[2m2025-09-12T11:41:27.946+05:30&amp#27;[0;39m &amp#27;[32m INFO&amp#27;[0;39m &amp#27;[35m81373&amp#27;[0;39m &amp#27;[2m---&amp#27;[0;39m &amp#27;[2m[lab-operations] [           main]&amp#27;[0;39m &amp#27;[2m&amp#27;[0;39m&amp#27;[36mo.a.c.c.C.[Tomcat].[localhost].[/]      &amp#27;[0;39m &amp#27;[2m:&amp#27;[0;39m Initializing Spring embedded WebApplicationContext
&amp#27;[2m2025-09-12T11:41:27.947+05:30&amp#27;[0;39m &amp#27;[32m INFO&amp#27;[0;39m &amp#27;[35m81373&amp#27;[0;39m &amp#27;[2m---&amp#27;[0;39m &amp#27;[2m[lab-operations] [           main]&amp#27;[0;39m &amp#27;[2m&amp#27;[0;39m&amp#27;[36mw.s.c.ServletWebServerApplicationContext&amp#27;[0;39m &amp#27;[2m:&amp#27;[0;39m Root WebApplicationContext: initialization completed in 301 ms
&amp#27;[2m2025-09-12T11:41:27.981+05:30&amp#27;[0;39m &amp#27;[32m INFO&amp#27;[0;39m &amp#27;[35m81373&amp#27;[0;39m &amp#27;[2m---&amp#27;[0;39m &amp#27;[2m[lab-operations] [           main]&amp#27;[0;39m &amp#27;[2m&amp#27;[0;39m&amp#27;[36mcom.zaxxer.hikari.HikariDataSource      &amp#27;[0;39m &amp#27;[2m:&amp#27;[0;39m HikariPool-2 - Starting...
&amp#27;[2m2025-09-12T11:41:27.982+05:30&amp#27;[0;39m &amp#27;[32m INFO&amp#27;[0;39m &amp#27;[35m81373&amp#27;[0;39m &amp#27;[2m---&amp#27;[0;39m &amp#27;[2m[lab-operations] [           main]&amp#27;[0;39m &amp#27;[2m&amp#27;[0;39m&amp#27;[36mcom.zaxxer.hikari.pool.HikariPool       &amp#27;[0;39m &amp#27;[2m:&amp#27;[0;39m HikariPool-2 - Added connection conn10: url=jdbc:h2:mem:testdb user=SA
&amp#27;[2m2025-09-12T11:41:27.982+05:30&amp#27;[0;39m &amp#27;[32m INFO&amp#27;[0;39m &amp#27;[35m81373&amp#27;[0;39m &amp#27;[2m---&amp#27;[0;39m &amp#27;[2m[lab-operations] [           main]&amp#27;[0;39m &amp#27;[2m&amp#27;[0;39m&amp#27;[36mcom.zaxxer.hikari.HikariDataSource      &amp#27;[0;39m &amp#27;[2m:&amp#27;[0;39m HikariPool-2 - Start completed.
&amp#27;[2m2025-09-12T11:41:27.982+05:30&amp#27;[0;39m &amp#27;[32m INFO&amp#27;[0;39m &amp#27;[35m81373&amp#27;[0;39m &amp#27;[2m---&amp#27;[0;39m &amp#27;[2m[lab-operations] [           main]&amp#27;[0;39m &amp#27;[2m&amp#27;[0;39m&amp#27;[36mo.s.b.a.h2.H2ConsoleAutoConfiguration   &amp#27;[0;39m &amp#27;[2m:&amp#27;[0;39m H2 console available at '/h2-console'. Database available at 'jdbc:h2:mem:testdb'
&amp#27;[2m2025-09-12T11:41:28.020+05:30&amp#27;[0;39m &amp#27;[32mDEBUG&amp#27;[0;39m &amp#27;[35m81373&amp#27;[0;39m &amp#27;[2m---&amp#27;[0;39m &amp#27;[2m[lab-operations] [           main]&amp#27;[0;39m &amp#27;[2m&amp#27;[0;39m&amp#27;[36mo.s.w.f.ServerHttpObservationFilter     &amp#27;[0;39m &amp#27;[2m:&amp#27;[0;39m Filter 'webMvcObservationFilter' configured for use
&amp#27;[2m2025-09-12T11:41:28.040+05:30&amp#27;[0;39m &amp#27;[32m INFO&amp#27;[0;39m &amp#27;[35m81373&amp#27;[0;39m &amp#27;[2m---&amp#27;[0;39m &amp#27;[2m[lab-operations] [           main]&amp#27;[0;39m &amp#27;[2m&amp#27;[0;39m&amp#27;[36mo.hibernate.jpa.internal.util.LogHelper &amp#27;[0;39m &amp#27;[2m:&amp#27;[0;39m HHH000204: Processing PersistenceUnitInfo [name: default]
&amp#27;[2m2025-09-12T11:41:28.041+05:30&amp#27;[0;39m &amp#27;[32m INFO&amp#27;[0;39m &amp#27;[35m81373&amp#27;[0;39m &amp#27;[2m---&amp#27;[0;39m &amp#27;[2m[lab-operations] [           main]&amp#27;[0;39m &amp#27;[2m&amp#27;[0;39m&amp#27;[36mo.h.c.internal.RegionFactoryInitiator   &amp#27;[0;39m &amp#27;[2m:&amp#27;[0;39m HHH000026: Second-level cache disabled
&amp#27;[2m2025-09-12T11:41:28.042+05:30&amp#27;[0;39m &amp#27;[32m INFO&amp#27;[0;39m &amp#27;[35m81373&amp#27;[0;39m &amp#27;[2m---&amp#27;[0;39m &amp#27;[2m[lab-operations] [           main]&amp#27;[0;39m &amp#27;[2m&amp#27;[0;39m&amp#27;[36mo.s.o.j.p.SpringPersistenceUnitInfo     &amp#27;[0;39m &amp#27;[2m:&amp#27;[0;39m No LoadTimeWeaver setup: ignoring JPA class transformer
&amp#27;[2m2025-09-12T11:41:28.043+05:30&amp#27;[0;39m &amp#27;[33m WARN&amp#27;[0;39m &amp#27;[35m81373&amp#27;[0;39m &amp#27;[2m---&amp#27;[0;39m &amp#27;[2m[lab-operations] [           main]&amp#27;[0;39m &amp#27;[2m&amp#27;[0;39m&amp#27;[36morg.hibernate.orm.deprecation           &amp#27;[0;39m &amp#27;[2m:&amp#27;[0;39m HHH90000025: H2Dialect does not need to be specified explicitly using 'hibernate.dialect' (remove the property setting and it will be selected by default)
&amp#27;[2m2025-09-12T11:41:28.082+05:30&amp#27;[0;39m &amp#27;[32m INFO&amp#27;[0;39m &amp#27;[35m81373&amp#27;[0;39m &amp#27;[2m---&amp#27;[0;39m &amp#27;[2m[lab-operations] [           main]&amp#27;[0;39m &amp#27;[2m&amp#27;[0;39m&amp#27;[36mo.h.e.t.j.p.i.JtaPlatformInitiator      &amp#27;[0;39m &amp#27;[2m:&amp#27;[0;39m HHH000489: No JTA platform available (set 'hibernate.transaction.jta.platform' to enable JTA platform integration)
Hibernate: 
    drop table if exists billing cascade 
Hibernate: 
    drop table if exists lab_tests cascade 
Hibernate: 
    drop table if exists test_templates cascade 
Hibernate: 
    drop table if exists visits cascade 
Hibernate: 
    create table billing (
        paid boolean,
        total_amount numeric(10,2) not null,
        bill_id bigint generated by default as identity,
        created_at timestamp(6),
        visit_id bigint not null unique,
        primary key (bill_id)
    )
Hibernate: 
    create table lab_tests (
        approved boolean,
        price numeric(10,2) not null,
        approved_at timestamp(6),
        test_id bigint generated by default as identity,
        test_template_id bigint not null,
        visit_id bigint not null,
        approved_by varchar(255),
        status varchar(255) check (status in ('PENDING','IN_PROGRESS','COMPLETED','APPROVED')),
        results json,
        primary key (test_id)
    )
Hibernate: 
    create table test_templates (
        base_price numeric(10,2) not null,
        created_at timestamp(6),
        template_id bigint generated by default as identity,
        description varchar(255),
        name varchar(255) not null,
        parameters json not null,
        primary key (template_id)
    )
Hibernate: 
    create table visits (
        created_at timestamp(6),
        visit_id bigint generated by default as identity,
        status varchar(255) check (status in ('PENDING','IN_PROGRESS','AWAITING_APPROVAL','APPROVED','BILLED','COMPLETED')),
        patient_details json not null,
        primary key (visit_id)
    )
Hibernate: 
    alter table if exists billing 
       add constraint FKa5oci06wp8oxjsgnarct81mnp 
       foreign key (visit_id) 
       references visits
Hibernate: 
    alter table if exists lab_tests 
       add constraint FK4pv70epn1o64jyhr2rj35n5ay 
       foreign key (test_template_id) 
       references test_templates
Hibernate: 
    alter table if exists lab_tests 
       add constraint FKmxlsk5pvipsxufbf9wpk5jd5y 
       foreign key (visit_id) 
       references visits
&amp#27;[2m2025-09-12T11:41:28.090+05:30&amp#27;[0;39m &amp#27;[32m INFO&amp#27;[0;39m &amp#27;[35m81373&amp#27;[0;39m &amp#27;[2m---&amp#27;[0;39m &amp#27;[2m[lab-operations] [           main]&amp#27;[0;39m &amp#27;[2m&amp#27;[0;39m&amp#27;[36mj.LocalContainerEntityManagerFactoryBean&amp#27;[0;39m &amp#27;[2m:&amp#27;[0;39m Initialized JPA EntityManagerFactory for persistence unit 'default'
&amp#27;[2m2025-09-12T11:41:28.245+05:30&amp#27;[0;39m &amp#27;[33m WARN&amp#27;[0;39m &amp#27;[35m81373&amp#27;[0;39m &amp#27;[2m---&amp#27;[0;39m &amp#27;[2m[lab-operations] [           main]&amp#27;[0;39m &amp#27;[2m&amp#27;[0;39m&amp#27;[36mJpaBaseConfiguration$JpaWebConfiguration&amp#27;[0;39m &amp#27;[2m:&amp#27;[0;39m spring.jpa.open-in-view is enabled by default. Therefore, database queries may be performed during view rendering. Explicitly configure spring.jpa.open-in-view to disable this warning
&amp#27;[2m2025-09-12T11:41:28.276+05:30&amp#27;[0;39m &amp#27;[32mDEBUG&amp#27;[0;39m &amp#27;[35m81373&amp#27;[0;39m &amp#27;[2m---&amp#27;[0;39m &amp#27;[2m[lab-operations] [           main]&amp#27;[0;39m &amp#27;[2m&amp#27;[0;39m&amp#27;[36ms.w.s.m.m.a.RequestMappingHandlerMapping&amp#27;[0;39m &amp#27;[2m:&amp#27;[0;39m 27 mappings in 'requestMappingHandlerMapping'
&amp#27;[2m2025-09-12T11:41:28.319+05:30&amp#27;[0;39m &amp#27;[32mDEBUG&amp#27;[0;39m &amp#27;[35m81373&amp#27;[0;39m &amp#27;[2m---&amp#27;[0;39m &amp#27;[2m[lab-operations] [           main]&amp#27;[0;39m &amp#27;[2m&amp#27;[0;39m&amp#27;[36mo.s.w.s.handler.SimpleUrlHandlerMapping &amp#27;[0;39m &amp#27;[2m:&amp#27;[0;39m Patterns [/webjars/**, /**] in 'resourceHandlerMapping'
&amp#27;[2m2025-09-12T11:41:28.329+05:30&amp#27;[0;39m &amp#27;[32mDEBUG&amp#27;[0;39m &amp#27;[35m81373&amp#27;[0;39m &amp#27;[2m---&amp#27;[0;39m &amp#27;[2m[lab-operations] [           main]&amp#27;[0;39m &amp#27;[2m&amp#27;[0;39m&amp#27;[36ms.w.s.m.m.a.RequestMappingHandlerAdapter&amp#27;[0;39m &amp#27;[2m:&amp#27;[0;39m ControllerAdvice beans: 0 @ModelAttribute, 0 @InitBinder, 1 RequestBodyAdvice, 1 ResponseBodyAdvice
&amp#27;[2m2025-09-12T11:41:28.335+05:30&amp#27;[0;39m &amp#27;[32mDEBUG&amp#27;[0;39m &amp#27;[35m81373&amp#27;[0;39m &amp#27;[2m---&amp#27;[0;39m &amp#27;[2m[lab-operations] [           main]&amp#27;[0;39m &amp#27;[2m&amp#27;[0;39m&amp#27;[36m.m.m.a.ExceptionHandlerExceptionResolver&amp#27;[0;39m &amp#27;[2m:&amp#27;[0;39m ControllerAdvice beans: 1 @ExceptionHandler, 1 ResponseBodyAdvice
&amp#27;[2m2025-09-12T11:41:28.430+05:30&amp#27;[0;39m &amp#27;[32m INFO&amp#27;[0;39m &amp#27;[35m81373&amp#27;[0;39m &amp#27;[2m---&amp#27;[0;39m &amp#27;[2m[lab-operations] [           main]&amp#27;[0;39m &amp#27;[2m&amp#27;[0;39m&amp#27;[36mo.s.b.a.e.web.EndpointLinksResolver     &amp#27;[0;39m &amp#27;[2m:&amp#27;[0;39m Exposing 3 endpoint(s) beneath base path '/actuator'
&amp#27;[2m2025-09-12T11:41:28.470+05:30&amp#27;[0;39m &amp#27;[32m INFO&amp#27;[0;39m &amp#27;[35m81373&amp#27;[0;39m &amp#27;[2m---&amp#27;[0;39m &amp#27;[2m[lab-operations] [           main]&amp#27;[0;39m &amp#27;[2m&amp#27;[0;39m&amp#27;[36mo.s.b.w.embedded.tomcat.TomcatWebServer &amp#27;[0;39m &amp#27;[2m:&amp#27;[0;39m Tomcat started on port 62781 (http) with context path ''
&amp#27;[2m2025-09-12T11:41:28.473+05:30&amp#27;[0;39m &amp#27;[32m INFO&amp#27;[0;39m &amp#27;[35m81373&amp#27;[0;39m &amp#27;[2m---&amp#27;[0;39m &amp#27;[2m[lab-operations] [           main]&amp#27;[0;39m &amp#27;[2m&amp#27;[0;39m&amp#27;[36mc.s.l.integration.BasicIntegrationTest  &amp#27;[0;39m &amp#27;[2m:&amp#27;[0;39m Started BasicIntegrationTest in 0.847 seconds (process running for 4.846)
&amp#27;[2m2025-09-12T11:41:28.492+05:30&amp#27;[0;39m &amp#27;[32mDEBUG&amp#27;[0;39m &amp#27;[35m81373&amp#27;[0;39m &amp#27;[2m---&amp#27;[0;39m &amp#27;[2m[lab-operations] [           main]&amp#27;[0;39m &amp#27;[2m&amp#27;[0;39m&amp#27;[36mo.s.web.client.RestTemplate             &amp#27;[0;39m &amp#27;[2m:&amp#27;[0;39m HTTP GET http://localhost:62781/actuator/health
&amp#27;[2m2025-09-12T11:41:28.497+05:30&amp#27;[0;39m &amp#27;[32mDEBUG&amp#27;[0;39m &amp#27;[35m81373&amp#27;[0;39m &amp#27;[2m---&amp#27;[0;39m &amp#27;[2m[lab-operations] [           main]&amp#27;[0;39m &amp#27;[2m&amp#27;[0;39m&amp#27;[36mo.s.web.client.RestTemplate             &amp#27;[0;39m &amp#27;[2m:&amp#27;[0;39m Accept=[text/plain, application/json, application/*+json, */*]
&amp#27;[2m2025-09-12T11:41:28.531+05:30&amp#27;[0;39m &amp#27;[32m INFO&amp#27;[0;39m &amp#27;[35m81373&amp#27;[0;39m &amp#27;[2m---&amp#27;[0;39m &amp#27;[2m[lab-operations] [o-auto-1-exec-1]&amp#27;[0;39m &amp#27;[2m&amp#27;[0;39m&amp#27;[36mo.a.c.c.C.[Tomcat].[localhost].[/]      &amp#27;[0;39m &amp#27;[2m:&amp#27;[0;39m Initializing Spring DispatcherServlet 'dispatcherServlet'
&amp#27;[2m2025-09-12T11:41:28.531+05:30&amp#27;[0;39m &amp#27;[32m INFO&amp#27;[0;39m &amp#27;[35m81373&amp#27;[0;39m &amp#27;[2m---&amp#27;[0;39m &amp#27;[2m[lab-operations] [o-auto-1-exec-1]&amp#27;[0;39m &amp#27;[2m&amp#27;[0;39m&amp#27;[36mo.s.web.servlet.DispatcherServlet       &amp#27;[0;39m &amp#27;[2m:&amp#27;[0;39m Initializing Servlet 'dispatcherServlet'
&amp#27;[2m2025-09-12T11:41:28.531+05:30&amp#27;[0;39m &amp#27;[32mDEBUG&amp#27;[0;39m &amp#27;[35m81373&amp#27;[0;39m &amp#27;[2m---&amp#27;[0;39m &amp#27;[2m[lab-operations] [o-auto-1-exec-1]&amp#27;[0;39m &amp#27;[2m&amp#27;[0;39m&amp#27;[36mo.s.web.servlet.DispatcherServlet       &amp#27;[0;39m &amp#27;[2m:&amp#27;[0;39m Detected StandardServletMultipartResolver
&amp#27;[2m2025-09-12T11:41:28.532+05:30&amp#27;[0;39m &amp#27;[32mDEBUG&amp#27;[0;39m &amp#27;[35m81373&amp#27;[0;39m &amp#27;[2m---&amp#27;[0;39m &amp#27;[2m[lab-operations] [o-auto-1-exec-1]&amp#27;[0;39m &amp#27;[2m&amp#27;[0;39m&amp#27;[36mo.s.web.servlet.DispatcherServlet       &amp#27;[0;39m &amp#27;[2m:&amp#27;[0;39m Detected AcceptHeaderLocaleResolver
&amp#27;[2m2025-09-12T11:41:28.532+05:30&amp#27;[0;39m &amp#27;[32mDEBUG&amp#27;[0;39m &amp#27;[35m81373&amp#27;[0;39m &amp#27;[2m---&amp#27;[0;39m &amp#27;[2m[lab-operations] [o-auto-1-exec-1]&amp#27;[0;39m &amp#27;[2m&amp#27;[0;39m&amp#27;[36mo.s.web.servlet.DispatcherServlet       &amp#27;[0;39m &amp#27;[2m:&amp#27;[0;39m Detected FixedThemeResolver
&amp#27;[2m2025-09-12T11:41:28.532+05:30&amp#27;[0;39m &amp#27;[32mDEBUG&amp#27;[0;39m &amp#27;[35m81373&amp#27;[0;39m &amp#27;[2m---&amp#27;[0;39m &amp#27;[2m[lab-operations] [o-auto-1-exec-1]&amp#27;[0;39m &amp#27;[2m&amp#27;[0;39m&amp#27;[36mo.s.web.servlet.DispatcherServlet       &amp#27;[0;39m &amp#27;[2m:&amp#27;[0;39m Detected org.springframework.web.servlet.view.DefaultRequestToViewNameTranslator@2a5129f3
&amp#27;[2m2025-09-12T11:41:28.532+05:30&amp#27;[0;39m &amp#27;[32mDEBUG&amp#27;[0;39m &amp#27;[35m81373&amp#27;[0;39m &amp#27;[2m---&amp#27;[0;39m &amp#27;[2m[lab-operations] [o-auto-1-exec-1]&amp#27;[0;39m &amp#27;[2m&amp#27;[0;39m&amp#27;[36mo.s.web.servlet.DispatcherServlet       &amp#27;[0;39m &amp#27;[2m:&amp#27;[0;39m Detected org.springframework.web.servlet.support.SessionFlashMapManager@27564996
&amp#27;[2m2025-09-12T11:41:28.533+05:30&amp#27;[0;39m &amp#27;[32mDEBUG&amp#27;[0;39m &amp#27;[35m81373&amp#27;[0;39m &amp#27;[2m---&amp#27;[0;39m &amp#27;[2m[lab-operations] [o-auto-1-exec-1]&amp#27;[0;39m &amp#27;[2m&amp#27;[0;39m&amp#27;[36mo.s.web.servlet.DispatcherServlet       &amp#27;[0;39m &amp#27;[2m:&amp#27;[0;39m enableLoggingRequestDetails='false': request parameters and headers will be masked to prevent unsafe logging of potentially sensitive data
&amp#27;[2m2025-09-12T11:41:28.533+05:30&amp#27;[0;39m &amp#27;[32m INFO&amp#27;[0;39m &amp#27;[35m81373&amp#27;[0;39m &amp#27;[2m---&amp#27;[0;39m &amp#27;[2m[lab-operations] [o-auto-1-exec-1]&amp#27;[0;39m &amp#27;[2m&amp#27;[0;39m&amp#27;[36mo.s.web.servlet.DispatcherServlet       &amp#27;[0;39m &amp#27;[2m:&amp#27;[0;39m Completed initialization in 2 ms
&amp#27;[2m2025-09-12T11:41:28.537+05:30&amp#27;[0;39m &amp#27;[32mDEBUG&amp#27;[0;39m &amp#27;[35m81373&amp#27;[0;39m &amp#27;[2m---&amp#27;[0;39m &amp#27;[2m[lab-operations] [o-auto-1-exec-1]&amp#27;[0;39m &amp#27;[2m&amp#27;[0;39m&amp#27;[36mo.s.web.servlet.DispatcherServlet       &amp#27;[0;39m &amp#27;[2m:&amp#27;[0;39m GET "/actuator/health", parameters={}
&amp#27;[2m2025-09-12T11:41:28.544+05:30&amp#27;[0;39m &amp#27;[32mDEBUG&amp#27;[0;39m &amp#27;[35m81373&amp#27;[0;39m &amp#27;[2m---&amp#27;[0;39m &amp#27;[2m[lab-operations] [o-auto-1-exec-1]&amp#27;[0;39m &amp#27;[2m&amp#27;[0;39m&amp#27;[36mm.m.a.RequestResponseBodyMethodProcessor&amp#27;[0;39m &amp#27;[2m:&amp#27;[0;39m Read "application/octet-stream" to []
&amp#27;[2m2025-09-12T11:41:28.555+05:30&amp#27;[0;39m &amp#27;[32mDEBUG&amp#27;[0;39m &amp#27;[35m81373&amp#27;[0;39m &amp#27;[2m---&amp#27;[0;39m &amp#27;[2m[lab-operations] [o-auto-1-exec-1]&amp#27;[0;39m &amp#27;[2m&amp#27;[0;39m&amp#27;[36mo.s.w.s.m.m.a.HttpEntityMethodProcessor &amp#27;[0;39m &amp#27;[2m:&amp#27;[0;39m Using 'application/json', given [text/plain, application/json, application/*+json, */*] and supported [application/vnd.spring-boot.actuator.v3+json, application/vnd.spring-boot.actuator.v2+json, application/json]
&amp#27;[2m2025-09-12T11:41:28.571+05:30&amp#27;[0;39m &amp#27;[32mDEBUG&amp#27;[0;39m &amp#27;[35m81373&amp#27;[0;39m &amp#27;[2m---&amp#27;[0;39m &amp#27;[2m[lab-operations] [o-auto-1-exec-1]&amp#27;[0;39m &amp#27;[2m&amp#27;[0;39m&amp#27;[36mo.s.w.s.m.m.a.HttpEntityMethodProcessor &amp#27;[0;39m &amp#27;[2m:&amp#27;[0;39m Writing [org.springframework.boot.actuate.health.SystemHealth@1de3daac]
&amp#27;[2m2025-09-12T11:41:28.580+05:30&amp#27;[0;39m &amp#27;[32mDEBUG&amp#27;[0;39m &amp#27;[35m81373&amp#27;[0;39m &amp#27;[2m---&amp#27;[0;39m &amp#27;[2m[lab-operations] [o-auto-1-exec-1]&amp#27;[0;39m &amp#27;[2m&amp#27;[0;39m&amp#27;[36mo.s.web.servlet.DispatcherServlet       &amp#27;[0;39m &amp#27;[2m:&amp#27;[0;39m Completed 200 OK
&amp#27;[2m2025-09-12T11:41:28.581+05:30&amp#27;[0;39m &amp#27;[32mDEBUG&amp#27;[0;39m &amp#27;[35m81373&amp#27;[0;39m &amp#27;[2m---&amp#27;[0;39m &amp#27;[2m[lab-operations] [           main]&amp#27;[0;39m &amp#27;[2m&amp#27;[0;39m&amp#27;[36mo.s.web.client.RestTemplate             &amp#27;[0;39m &amp#27;[2m:&amp#27;[0;39m Response 200 OK
&amp#27;[2m2025-09-12T11:41:28.582+05:30&amp#27;[0;39m &amp#27;[32mDEBUG&amp#27;[0;39m &amp#27;[35m81373&amp#27;[0;39m &amp#27;[2m---&amp#27;[0;39m &amp#27;[2m[lab-operations] [           main]&amp#27;[0;39m &amp#27;[2m&amp#27;[0;39m&amp#27;[36mo.s.web.client.RestTemplate             &amp#27;[0;39m &amp#27;[2m:&amp#27;[0;39m Reading to [java.lang.String] as "application/json"
]]></system-out>
  </testcase>
  <testcase name="testGetAllTestTemplates" classname="com.sivalab.laboperations.integration.BasicIntegrationTest" time="0.068">
    <system-out><![CDATA[&amp#27;[2m2025-09-12T11:41:28.612+05:30&amp#27;[0;39m &amp#27;[32mDEBUG&amp#27;[0;39m &amp#27;[35m81373&amp#27;[0;39m &amp#27;[2m---&amp#27;[0;39m &amp#27;[2m[lab-operations] [           main]&amp#27;[0;39m &amp#27;[2m&amp#27;[0;39m&amp#27;[36mo.s.web.client.RestTemplate             &amp#27;[0;39m &amp#27;[2m:&amp#27;[0;39m HTTP GET http://localhost:62781/test-templates
&amp#27;[2m2025-09-12T11:41:28.613+05:30&amp#27;[0;39m &amp#27;[32mDEBUG&amp#27;[0;39m &amp#27;[35m81373&amp#27;[0;39m &amp#27;[2m---&amp#27;[0;39m &amp#27;[2m[lab-operations] [           main]&amp#27;[0;39m &amp#27;[2m&amp#27;[0;39m&amp#27;[36mo.s.web.client.RestTemplate             &amp#27;[0;39m &amp#27;[2m:&amp#27;[0;39m Accept=[application/json, application/*+json]
&amp#27;[2m2025-09-12T11:41:28.614+05:30&amp#27;[0;39m &amp#27;[32mDEBUG&amp#27;[0;39m &amp#27;[35m81373&amp#27;[0;39m &amp#27;[2m---&amp#27;[0;39m &amp#27;[2m[lab-operations] [o-auto-1-exec-2]&amp#27;[0;39m &amp#27;[2m&amp#27;[0;39m&amp#27;[36mo.s.web.servlet.DispatcherServlet       &amp#27;[0;39m &amp#27;[2m:&amp#27;[0;39m GET "/test-templates", parameters={}
&amp#27;[2m2025-09-12T11:41:28.614+05:30&amp#27;[0;39m &amp#27;[32mDEBUG&amp#27;[0;39m &amp#27;[35m81373&amp#27;[0;39m &amp#27;[2m---&amp#27;[0;39m &amp#27;[2m[lab-operations] [o-auto-1-exec-2]&amp#27;[0;39m &amp#27;[2m&amp#27;[0;39m&amp#27;[36ms.w.s.m.m.a.RequestMappingHandlerMapping&amp#27;[0;39m &amp#27;[2m:&amp#27;[0;39m Mapped to com.sivalab.laboperations.controller.TestTemplateController#getAllTestTemplates()
Hibernate: 
    select
        tt1_0.template_id,
        tt1_0.base_price,
        tt1_0.created_at,
        tt1_0.description,
        tt1_0.name,
        tt1_0.parameters 
    from
        test_templates tt1_0 
    order by
        tt1_0.name
&amp#27;[2m2025-09-12T11:41:28.668+05:30&amp#27;[0;39m &amp#27;[32mDEBUG&amp#27;[0;39m &amp#27;[35m81373&amp#27;[0;39m &amp#27;[2m---&amp#27;[0;39m &amp#27;[2m[lab-operations] [o-auto-1-exec-2]&amp#27;[0;39m &amp#27;[2m&amp#27;[0;39m&amp#27;[36mo.s.w.s.m.m.a.HttpEntityMethodProcessor &amp#27;[0;39m &amp#27;[2m:&amp#27;[0;39m Using 'application/json', given [application/json, application/*+json] and supported [application/json, application/*+json]
&amp#27;[2m2025-09-12T11:41:28.668+05:30&amp#27;[0;39m &amp#27;[32mDEBUG&amp#27;[0;39m &amp#27;[35m81373&amp#27;[0;39m &amp#27;[2m---&amp#27;[0;39m &amp#27;[2m[lab-operations] [o-auto-1-exec-2]&amp#27;[0;39m &amp#27;[2m&amp#27;[0;39m&amp#27;[36mo.s.w.s.m.m.a.HttpEntityMethodProcessor &amp#27;[0;39m &amp#27;[2m:&amp#27;[0;39m Writing [[]]
&amp#27;[2m2025-09-12T11:41:28.669+05:30&amp#27;[0;39m &amp#27;[32mDEBUG&amp#27;[0;39m &amp#27;[35m81373&amp#27;[0;39m &amp#27;[2m---&amp#27;[0;39m &amp#27;[2m[lab-operations] [           main]&amp#27;[0;39m &amp#27;[2m&amp#27;[0;39m&amp#27;[36mo.s.web.client.RestTemplate             &amp#27;[0;39m &amp#27;[2m:&amp#27;[0;39m Response 200 OK
&amp#27;[2m2025-09-12T11:41:28.669+05:30&amp#27;[0;39m &amp#27;[32mDEBUG&amp#27;[0;39m &amp#27;[35m81373&amp#27;[0;39m &amp#27;[2m---&amp#27;[0;39m &amp#27;[2m[lab-operations] [o-auto-1-exec-2]&amp#27;[0;39m &amp#27;[2m&amp#27;[0;39m&amp#27;[36mo.s.web.servlet.DispatcherServlet       &amp#27;[0;39m &amp#27;[2m:&amp#27;[0;39m Completed 200 OK
&amp#27;[2m2025-09-12T11:41:28.669+05:30&amp#27;[0;39m &amp#27;[32mDEBUG&amp#27;[0;39m &amp#27;[35m81373&amp#27;[0;39m &amp#27;[2m---&amp#27;[0;39m &amp#27;[2m[lab-operations] [           main]&amp#27;[0;39m &amp#27;[2m&amp#27;[0;39m&amp#27;[36mo.s.web.client.RestTemplate             &amp#27;[0;39m &amp#27;[2m:&amp#27;[0;39m Reading to [java.lang.Object[]]
]]></system-out>
  </testcase>
  <testcase name="testCreateVisit" classname="com.sivalab.laboperations.integration.BasicIntegrationTest" time="0.08">
    <system-out><![CDATA[&amp#27;[2m2025-09-12T11:41:28.681+05:30&amp#27;[0;39m &amp#27;[32mDEBUG&amp#27;[0;39m &amp#27;[35m81373&amp#27;[0;39m &amp#27;[2m---&amp#27;[0;39m &amp#27;[2m[lab-operations] [           main]&amp#27;[0;39m &amp#27;[2m&amp#27;[0;39m&amp#27;[36mo.s.web.client.RestTemplate             &amp#27;[0;39m &amp#27;[2m:&amp#27;[0;39m HTTP POST http://localhost:62781/visits
&amp#27;[2m2025-09-12T11:41:28.681+05:30&amp#27;[0;39m &amp#27;[32mDEBUG&amp#27;[0;39m &amp#27;[35m81373&amp#27;[0;39m &amp#27;[2m---&amp#27;[0;39m &amp#27;[2m[lab-operations] [           main]&amp#27;[0;39m &amp#27;[2m&amp#27;[0;39m&amp#27;[36mo.s.web.client.RestTemplate             &amp#27;[0;39m &amp#27;[2m:&amp#27;[0;39m Accept=[application/json, application/*+json]
&amp#27;[2m2025-09-12T11:41:28.682+05:30&amp#27;[0;39m &amp#27;[32mDEBUG&amp#27;[0;39m &amp#27;[35m81373&amp#27;[0;39m &amp#27;[2m---&amp#27;[0;39m &amp#27;[2m[lab-operations] [           main]&amp#27;[0;39m &amp#27;[2m&amp#27;[0;39m&amp#27;[36mo.s.web.client.RestTemplate             &amp#27;[0;39m &amp#27;[2m:&amp#27;[0;39m Writing [{patientDetails={phone=1234567890, name=Test Patient, age=30}}] with org.springframework.http.converter.json.MappingJackson2HttpMessageConverter
&amp#27;[2m2025-09-12T11:41:28.684+05:30&amp#27;[0;39m &amp#27;[32mDEBUG&amp#27;[0;39m &amp#27;[35m81373&amp#27;[0;39m &amp#27;[2m---&amp#27;[0;39m &amp#27;[2m[lab-operations] [o-auto-1-exec-3]&amp#27;[0;39m &amp#27;[2m&amp#27;[0;39m&amp#27;[36mo.s.web.servlet.DispatcherServlet       &amp#27;[0;39m &amp#27;[2m:&amp#27;[0;39m POST "/visits", parameters={}
&amp#27;[2m2025-09-12T11:41:28.685+05:30&amp#27;[0;39m &amp#27;[32mDEBUG&amp#27;[0;39m &amp#27;[35m81373&amp#27;[0;39m &amp#27;[2m---&amp#27;[0;39m &amp#27;[2m[lab-operations] [o-auto-1-exec-3]&amp#27;[0;39m &amp#27;[2m&amp#27;[0;39m&amp#27;[36ms.w.s.m.m.a.RequestMappingHandlerMapping&amp#27;[0;39m &amp#27;[2m:&amp#27;[0;39m Mapped to com.sivalab.laboperations.controller.VisitController#createVisit(CreateVisitRequest)
&amp#27;[2m2025-09-12T11:41:28.697+05:30&amp#27;[0;39m &amp#27;[32mDEBUG&amp#27;[0;39m &amp#27;[35m81373&amp#27;[0;39m &amp#27;[2m---&amp#27;[0;39m &amp#27;[2m[lab-operations] [o-auto-1-exec-3]&amp#27;[0;39m &amp#27;[2m&amp#27;[0;39m&amp#27;[36mm.m.a.RequestResponseBodyMethodProcessor&amp#27;[0;39m &amp#27;[2m:&amp#27;[0;39m Read "application/json;charset=UTF-8" to [com.sivalab.laboperations.dto.CreateVisitRequest@60e5633f]
Hibernate: 
    insert 
    into
        visits
        (created_at, patient_details, status, visit_id) 
    values
        (?, ? format json, ?, default)
&amp#27;[2m2025-09-12T11:41:28.753+05:30&amp#27;[0;39m &amp#27;[32mDEBUG&amp#27;[0;39m &amp#27;[35m81373&amp#27;[0;39m &amp#27;[2m---&amp#27;[0;39m &amp#27;[2m[lab-operations] [o-auto-1-exec-3]&amp#27;[0;39m &amp#27;[2m&amp#27;[0;39m&amp#27;[36mo.s.w.s.m.m.a.HttpEntityMethodProcessor &amp#27;[0;39m &amp#27;[2m:&amp#27;[0;39m Using 'application/json', given [application/json, application/*+json] and supported [application/json, application/*+json]
&amp#27;[2m2025-09-12T11:41:28.753+05:30&amp#27;[0;39m &amp#27;[32mDEBUG&amp#27;[0;39m &amp#27;[35m81373&amp#27;[0;39m &amp#27;[2m---&amp#27;[0;39m &amp#27;[2m[lab-operations] [o-auto-1-exec-3]&amp#27;[0;39m &amp#27;[2m&amp#27;[0;39m&amp#27;[36mo.s.w.s.m.m.a.HttpEntityMethodProcessor &amp#27;[0;39m &amp#27;[2m:&amp#27;[0;39m Writing [com.sivalab.laboperations.dto.VisitResponse@3948d522]
&amp#27;[2m2025-09-12T11:41:28.755+05:30&amp#27;[0;39m &amp#27;[32mDEBUG&amp#27;[0;39m &amp#27;[35m81373&amp#27;[0;39m &amp#27;[2m---&amp#27;[0;39m &amp#27;[2m[lab-operations] [           main]&amp#27;[0;39m &amp#27;[2m&amp#27;[0;39m&amp#27;[36mo.s.web.client.RestTemplate             &amp#27;[0;39m &amp#27;[2m:&amp#27;[0;39m Response 201 CREATED
&amp#27;[2m2025-09-12T11:41:28.755+05:30&amp#27;[0;39m &amp#27;[32mDEBUG&amp#27;[0;39m &amp#27;[35m81373&amp#27;[0;39m &amp#27;[2m---&amp#27;[0;39m &amp#27;[2m[lab-operations] [           main]&amp#27;[0;39m &amp#27;[2m&amp#27;[0;39m&amp#27;[36mo.s.web.client.RestTemplate             &amp#27;[0;39m &amp#27;[2m:&amp#27;[0;39m Reading to [java.util.Map<?, ?>]
&amp#27;[2m2025-09-12T11:41:28.755+05:30&amp#27;[0;39m &amp#27;[32mDEBUG&amp#27;[0;39m &amp#27;[35m81373&amp#27;[0;39m &amp#27;[2m---&amp#27;[0;39m &amp#27;[2m[lab-operations] [o-auto-1-exec-3]&amp#27;[0;39m &amp#27;[2m&amp#27;[0;39m&amp#27;[36mo.s.web.servlet.DispatcherServlet       &amp#27;[0;39m &amp#27;[2m:&amp#27;[0;39m Completed 201 CREATED
]]></system-out>
  </testcase>
  <testcase name="testGetAllBills" classname="com.sivalab.laboperations.integration.BasicIntegrationTest" time="0.008">
    <system-out><![CDATA[&amp#27;[2m2025-09-12T11:41:28.761+05:30&amp#27;[0;39m &amp#27;[32mDEBUG&amp#27;[0;39m &amp#27;[35m81373&amp#27;[0;39m &amp#27;[2m---&amp#27;[0;39m &amp#27;[2m[lab-operations] [           main]&amp#27;[0;39m &amp#27;[2m&amp#27;[0;39m&amp#27;[36mo.s.web.client.RestTemplate             &amp#27;[0;39m &amp#27;[2m:&amp#27;[0;39m HTTP GET http://localhost:62781/billing
&amp#27;[2m2025-09-12T11:41:28.761+05:30&amp#27;[0;39m &amp#27;[32mDEBUG&amp#27;[0;39m &amp#27;[35m81373&amp#27;[0;39m &amp#27;[2m---&amp#27;[0;39m &amp#27;[2m[lab-operations] [           main]&amp#27;[0;39m &amp#27;[2m&amp#27;[0;39m&amp#27;[36mo.s.web.client.RestTemplate             &amp#27;[0;39m &amp#27;[2m:&amp#27;[0;39m Accept=[application/json, application/*+json]
&amp#27;[2m2025-09-12T11:41:28.762+05:30&amp#27;[0;39m &amp#27;[32mDEBUG&amp#27;[0;39m &amp#27;[35m81373&amp#27;[0;39m &amp#27;[2m---&amp#27;[0;39m &amp#27;[2m[lab-operations] [o-auto-1-exec-4]&amp#27;[0;39m &amp#27;[2m&amp#27;[0;39m&amp#27;[36mo.s.web.servlet.DispatcherServlet       &amp#27;[0;39m &amp#27;[2m:&amp#27;[0;39m GET "/billing", parameters={}
&amp#27;[2m2025-09-12T11:41:28.762+05:30&amp#27;[0;39m &amp#27;[32mDEBUG&amp#27;[0;39m &amp#27;[35m81373&amp#27;[0;39m &amp#27;[2m---&amp#27;[0;39m &amp#27;[2m[lab-operations] [o-auto-1-exec-4]&amp#27;[0;39m &amp#27;[2m&amp#27;[0;39m&amp#27;[36ms.w.s.m.m.a.RequestMappingHandlerMapping&amp#27;[0;39m &amp#27;[2m:&amp#27;[0;39m Mapped to com.sivalab.laboperations.controller.BillingController#getAllBills()
Hibernate: 
    select
        b1_0.bill_id,
        b1_0.created_at,
        b1_0.paid,
        b1_0.total_amount,
        b1_0.visit_id 
    from
        billing b1_0
&amp#27;[2m2025-09-12T11:41:28.766+05:30&amp#27;[0;39m &amp#27;[32mDEBUG&amp#27;[0;39m &amp#27;[35m81373&amp#27;[0;39m &amp#27;[2m---&amp#27;[0;39m &amp#27;[2m[lab-operations] [o-auto-1-exec-4]&amp#27;[0;39m &amp#27;[2m&amp#27;[0;39m&amp#27;[36mo.s.w.s.m.m.a.HttpEntityMethodProcessor &amp#27;[0;39m &amp#27;[2m:&amp#27;[0;39m Using 'application/json', given [application/json, application/*+json] and supported [application/json, application/*+json]
&amp#27;[2m2025-09-12T11:41:28.766+05:30&amp#27;[0;39m &amp#27;[32mDEBUG&amp#27;[0;39m &amp#27;[35m81373&amp#27;[0;39m &amp#27;[2m---&amp#27;[0;39m &amp#27;[2m[lab-operations] [o-auto-1-exec-4]&amp#27;[0;39m &amp#27;[2m&amp#27;[0;39m&amp#27;[36mo.s.w.s.m.m.a.HttpEntityMethodProcessor &amp#27;[0;39m &amp#27;[2m:&amp#27;[0;39m Writing [[]]
&amp#27;[2m2025-09-12T11:41:28.766+05:30&amp#27;[0;39m &amp#27;[32mDEBUG&amp#27;[0;39m &amp#27;[35m81373&amp#27;[0;39m &amp#27;[2m---&amp#27;[0;39m &amp#27;[2m[lab-operations] [o-auto-1-exec-4]&amp#27;[0;39m &amp#27;[2m&amp#27;[0;39m&amp#27;[36mo.s.web.servlet.DispatcherServlet       &amp#27;[0;39m &amp#27;[2m:&amp#27;[0;39m Completed 200 OK
&amp#27;[2m2025-09-12T11:41:28.766+05:30&amp#27;[0;39m &amp#27;[32mDEBUG&amp#27;[0;39m &amp#27;[35m81373&amp#27;[0;39m &amp#27;[2m---&amp#27;[0;39m &amp#27;[2m[lab-operations] [           main]&amp#27;[0;39m &amp#27;[2m&amp#27;[0;39m&amp#27;[36mo.s.web.client.RestTemplate             &amp#27;[0;39m &amp#27;[2m:&amp#27;[0;39m Response 200 OK
&amp#27;[2m2025-09-12T11:41:28.767+05:30&amp#27;[0;39m &amp#27;[32mDEBUG&amp#27;[0;39m &amp#27;[35m81373&amp#27;[0;39m &amp#27;[2m---&amp#27;[0;39m &amp#27;[2m[lab-operations] [           main]&amp#27;[0;39m &amp#27;[2m&amp#27;[0;39m&amp#27;[36mo.s.web.client.RestTemplate             &amp#27;[0;39m &amp#27;[2m:&amp#27;[0;39m Reading to [java.lang.Object[]]
]]></system-out>
  </testcase>
  <testcase name="testNotFoundEndpoint" classname="com.sivalab.laboperations.integration.BasicIntegrationTest" time="0.013">
    <system-out><![CDATA[&amp#27;[2m2025-09-12T11:41:28.770+05:30&amp#27;[0;39m &amp#27;[32mDEBUG&amp#27;[0;39m &amp#27;[35m81373&amp#27;[0;39m &amp#27;[2m---&amp#27;[0;39m &amp#27;[2m[lab-operations] [           main]&amp#27;[0;39m &amp#27;[2m&amp#27;[0;39m&amp#27;[36mo.s.web.client.RestTemplate             &amp#27;[0;39m &amp#27;[2m:&amp#27;[0;39m HTTP GET http://localhost:62781/visits/99999
&amp#27;[2m2025-09-12T11:41:28.770+05:30&amp#27;[0;39m &amp#27;[32mDEBUG&amp#27;[0;39m &amp#27;[35m81373&amp#27;[0;39m &amp#27;[2m---&amp#27;[0;39m &amp#27;[2m[lab-operations] [           main]&amp#27;[0;39m &amp#27;[2m&amp#27;[0;39m&amp#27;[36mo.s.web.client.RestTemplate             &amp#27;[0;39m &amp#27;[2m:&amp#27;[0;39m Accept=[text/plain, application/json, application/*+json, */*]
&amp#27;[2m2025-09-12T11:41:28.771+05:30&amp#27;[0;39m &amp#27;[32mDEBUG&amp#27;[0;39m &amp#27;[35m81373&amp#27;[0;39m &amp#27;[2m---&amp#27;[0;39m &amp#27;[2m[lab-operations] [o-auto-1-exec-5]&amp#27;[0;39m &amp#27;[2m&amp#27;[0;39m&amp#27;[36mo.s.web.servlet.DispatcherServlet       &amp#27;[0;39m &amp#27;[2m:&amp#27;[0;39m GET "/visits/99999", parameters={}
&amp#27;[2m2025-09-12T11:41:28.771+05:30&amp#27;[0;39m &amp#27;[32mDEBUG&amp#27;[0;39m &amp#27;[35m81373&amp#27;[0;39m &amp#27;[2m---&amp#27;[0;39m &amp#27;[2m[lab-operations] [o-auto-1-exec-5]&amp#27;[0;39m &amp#27;[2m&amp#27;[0;39m&amp#27;[36ms.w.s.m.m.a.RequestMappingHandlerMapping&amp#27;[0;39m &amp#27;[2m:&amp#27;[0;39m Mapped to com.sivalab.laboperations.controller.VisitController#getVisit(Long)
Hibernate: 
    select
        v1_0.visit_id,
        v1_0.created_at,
        v1_0.patient_details,
        v1_0.status 
    from
        visits v1_0 
    where
        v1_0.visit_id=?
&amp#27;[2m2025-09-12T11:41:28.780+05:30&amp#27;[0;39m &amp#27;[32mDEBUG&amp#27;[0;39m &amp#27;[35m81373&amp#27;[0;39m &amp#27;[2m---&amp#27;[0;39m &amp#27;[2m[lab-operations] [o-auto-1-exec-5]&amp#27;[0;39m &amp#27;[2m&amp#27;[0;39m&amp#27;[36mo.s.w.s.m.m.a.HttpEntityMethodProcessor &amp#27;[0;39m &amp#27;[2m:&amp#27;[0;39m Using 'application/json', given [text/plain, application/json, application/*+json, */*] and supported [application/json, application/*+json]
&amp#27;[2m2025-09-12T11:41:28.780+05:30&amp#27;[0;39m &amp#27;[32mDEBUG&amp#27;[0;39m &amp#27;[35m81373&amp#27;[0;39m &amp#27;[2m---&amp#27;[0;39m &amp#27;[2m[lab-operations] [o-auto-1-exec-5]&amp#27;[0;39m &amp#27;[2m&amp#27;[0;39m&amp#27;[36mo.s.w.s.m.m.a.HttpEntityMethodProcessor &amp#27;[0;39m &amp#27;[2m:&amp#27;[0;39m Nothing to write: null body
&amp#27;[2m2025-09-12T11:41:28.780+05:30&amp#27;[0;39m &amp#27;[32mDEBUG&amp#27;[0;39m &amp#27;[35m81373&amp#27;[0;39m &amp#27;[2m---&amp#27;[0;39m &amp#27;[2m[lab-operations] [o-auto-1-exec-5]&amp#27;[0;39m &amp#27;[2m&amp#27;[0;39m&amp#27;[36mo.s.web.servlet.DispatcherServlet       &amp#27;[0;39m &amp#27;[2m:&amp#27;[0;39m Completed 404 NOT_FOUND
&amp#27;[2m2025-09-12T11:41:28.781+05:30&amp#27;[0;39m &amp#27;[32mDEBUG&amp#27;[0;39m &amp#27;[35m81373&amp#27;[0;39m &amp#27;[2m---&amp#27;[0;39m &amp#27;[2m[lab-operations] [           main]&amp#27;[0;39m &amp#27;[2m&amp#27;[0;39m&amp#27;[36mo.s.web.client.RestTemplate             &amp#27;[0;39m &amp#27;[2m:&amp#27;[0;39m Response 404 NOT_FOUND
]]></system-out>
  </testcase>
  <testcase name="testCreateTestTemplate" classname="com.sivalab.laboperations.integration.BasicIntegrationTest" time="0.028">
    <system-out><![CDATA[&amp#27;[2m2025-09-12T11:41:28.784+05:30&amp#27;[0;39m &amp#27;[32mDEBUG&amp#27;[0;39m &amp#27;[35m81373&amp#27;[0;39m &amp#27;[2m---&amp#27;[0;39m &amp#27;[2m[lab-operations] [           main]&amp#27;[0;39m &amp#27;[2m&amp#27;[0;39m&amp#27;[36mo.s.web.client.RestTemplate             &amp#27;[0;39m &amp#27;[2m:&amp#27;[0;39m HTTP POST http://localhost:62781/test-templates
&amp#27;[2m2025-09-12T11:41:28.784+05:30&amp#27;[0;39m &amp#27;[32mDEBUG&amp#27;[0;39m &amp#27;[35m81373&amp#27;[0;39m &amp#27;[2m---&amp#27;[0;39m &amp#27;[2m[lab-operations] [           main]&amp#27;[0;39m &amp#27;[2m&amp#27;[0;39m&amp#27;[36mo.s.web.client.RestTemplate             &amp#27;[0;39m &amp#27;[2m:&amp#27;[0;39m Accept=[application/json, application/*+json]
&amp#27;[2m2025-09-12T11:41:28.784+05:30&amp#27;[0;39m &amp#27;[32mDEBUG&amp#27;[0;39m &amp#27;[35m81373&amp#27;[0;39m &amp#27;[2m---&amp#27;[0;39m &amp#27;[2m[lab-operations] [           main]&amp#27;[0;39m &amp#27;[2m&amp#27;[0;39m&amp#27;[36mo.s.web.client.RestTemplate             &amp#27;[0;39m &amp#27;[2m:&amp#27;[0;39m Writing [{name=Test Template, description=A test template, parameters={testField=testValue}, basePrice=100.0}] with org.springframework.http.converter.json.MappingJackson2HttpMessageConverter
&amp#27;[2m2025-09-12T11:41:28.786+05:30&amp#27;[0;39m &amp#27;[32mDEBUG&amp#27;[0;39m &amp#27;[35m81373&amp#27;[0;39m &amp#27;[2m---&amp#27;[0;39m &amp#27;[2m[lab-operations] [o-auto-1-exec-6]&amp#27;[0;39m &amp#27;[2m&amp#27;[0;39m&amp#27;[36mo.s.web.servlet.DispatcherServlet       &amp#27;[0;39m &amp#27;[2m:&amp#27;[0;39m POST "/test-templates", parameters={}
&amp#27;[2m2025-09-12T11:41:28.786+05:30&amp#27;[0;39m &amp#27;[32mDEBUG&amp#27;[0;39m &amp#27;[35m81373&amp#27;[0;39m &amp#27;[2m---&amp#27;[0;39m &amp#27;[2m[lab-operations] [o-auto-1-exec-6]&amp#27;[0;39m &amp#27;[2m&amp#27;[0;39m&amp#27;[36ms.w.s.m.m.a.RequestMappingHandlerMapping&amp#27;[0;39m &amp#27;[2m:&amp#27;[0;39m Mapped to com.sivalab.laboperations.controller.TestTemplateController#createTestTemplate(CreateTestTemplateRequest)
&amp#27;[2m2025-09-12T11:41:28.794+05:30&amp#27;[0;39m &amp#27;[32mDEBUG&amp#27;[0;39m &amp#27;[35m81373&amp#27;[0;39m &amp#27;[2m---&amp#27;[0;39m &amp#27;[2m[lab-operations] [o-auto-1-exec-6]&amp#27;[0;39m &amp#27;[2m&amp#27;[0;39m&amp#27;[36mm.m.a.RequestResponseBodyMethodProcessor&amp#27;[0;39m &amp#27;[2m:&amp#27;[0;39m Read "application/json;charset=UTF-8" to [com.sivalab.laboperations.dto.CreateTestTemplateRequest@7b3e73ff]
Hibernate: 
    select
        tt1_0.template_id 
    from
        test_templates tt1_0 
    where
        upper(tt1_0.name)=upper(?) 
    fetch
        first ? rows only
Hibernate: 
    insert 
    into
        test_templates
        (base_price, created_at, description, name, parameters, template_id) 
    values
        (?, ?, ?, ?, ? format json, default)
&amp#27;[2m2025-09-12T11:41:28.807+05:30&amp#27;[0;39m &amp#27;[32mDEBUG&amp#27;[0;39m &amp#27;[35m81373&amp#27;[0;39m &amp#27;[2m---&amp#27;[0;39m &amp#27;[2m[lab-operations] [o-auto-1-exec-6]&amp#27;[0;39m &amp#27;[2m&amp#27;[0;39m&amp#27;[36mo.s.w.s.m.m.a.HttpEntityMethodProcessor &amp#27;[0;39m &amp#27;[2m:&amp#27;[0;39m Using 'application/json', given [application/json, application/*+json] and supported [application/json, application/*+json]
&amp#27;[2m2025-09-12T11:41:28.807+05:30&amp#27;[0;39m &amp#27;[32mDEBUG&amp#27;[0;39m &amp#27;[35m81373&amp#27;[0;39m &amp#27;[2m---&amp#27;[0;39m &amp#27;[2m[lab-operations] [o-auto-1-exec-6]&amp#27;[0;39m &amp#27;[2m&amp#27;[0;39m&amp#27;[36mo.s.w.s.m.m.a.HttpEntityMethodProcessor &amp#27;[0;39m &amp#27;[2m:&amp#27;[0;39m Writing [com.sivalab.laboperations.dto.TestTemplateResponse@469828cb]
&amp#27;[2m2025-09-12T11:41:28.809+05:30&amp#27;[0;39m &amp#27;[32mDEBUG&amp#27;[0;39m &amp#27;[35m81373&amp#27;[0;39m &amp#27;[2m---&amp#27;[0;39m &amp#27;[2m[lab-operations] [o-auto-1-exec-6]&amp#27;[0;39m &amp#27;[2m&amp#27;[0;39m&amp#27;[36mo.s.web.servlet.DispatcherServlet       &amp#27;[0;39m &amp#27;[2m:&amp#27;[0;39m Completed 201 CREATED
&amp#27;[2m2025-09-12T11:41:28.809+05:30&amp#27;[0;39m &amp#27;[32mDEBUG&amp#27;[0;39m &amp#27;[35m81373&amp#27;[0;39m &amp#27;[2m---&amp#27;[0;39m &amp#27;[2m[lab-operations] [           main]&amp#27;[0;39m &amp#27;[2m&amp#27;[0;39m&amp#27;[36mo.s.web.client.RestTemplate             &amp#27;[0;39m &amp#27;[2m:&amp#27;[0;39m Response 201 CREATED
&amp#27;[2m2025-09-12T11:41:28.809+05:30&amp#27;[0;39m &amp#27;[32mDEBUG&amp#27;[0;39m &amp#27;[35m81373&amp#27;[0;39m &amp#27;[2m---&amp#27;[0;39m &amp#27;[2m[lab-operations] [           main]&amp#27;[0;39m &amp#27;[2m&amp#27;[0;39m&amp#27;[36mo.s.web.client.RestTemplate             &amp#27;[0;39m &amp#27;[2m:&amp#27;[0;39m Reading to [java.util.Map<?, ?>]
]]></system-out>
  </testcase>
  <testcase name="testApplicationStartsSuccessfully" classname="com.sivalab.laboperations.integration.BasicIntegrationTest" time="0.004"/>
  <testcase name="testGetAllVisits" classname="com.sivalab.laboperations.integration.BasicIntegrationTest" time="0.017">
    <system-out><![CDATA[&amp#27;[2m2025-09-12T11:41:28.816+05:30&amp#27;[0;39m &amp#27;[32mDEBUG&amp#27;[0;39m &amp#27;[35m81373&amp#27;[0;39m &amp#27;[2m---&amp#27;[0;39m &amp#27;[2m[lab-operations] [           main]&amp#27;[0;39m &amp#27;[2m&amp#27;[0;39m&amp#27;[36mo.s.web.client.RestTemplate             &amp#27;[0;39m &amp#27;[2m:&amp#27;[0;39m HTTP GET http://localhost:62781/visits
&amp#27;[2m2025-09-12T11:41:28.817+05:30&amp#27;[0;39m &amp#27;[32mDEBUG&amp#27;[0;39m &amp#27;[35m81373&amp#27;[0;39m &amp#27;[2m---&amp#27;[0;39m &amp#27;[2m[lab-operations] [           main]&amp#27;[0;39m &amp#27;[2m&amp#27;[0;39m&amp#27;[36mo.s.web.client.RestTemplate             &amp#27;[0;39m &amp#27;[2m:&amp#27;[0;39m Accept=[application/json, application/*+json]
&amp#27;[2m2025-09-12T11:41:28.817+05:30&amp#27;[0;39m &amp#27;[32mDEBUG&amp#27;[0;39m &amp#27;[35m81373&amp#27;[0;39m &amp#27;[2m---&amp#27;[0;39m &amp#27;[2m[lab-operations] [o-auto-1-exec-7]&amp#27;[0;39m &amp#27;[2m&amp#27;[0;39m&amp#27;[36mo.s.web.servlet.DispatcherServlet       &amp#27;[0;39m &amp#27;[2m:&amp#27;[0;39m GET "/visits", parameters={}
&amp#27;[2m2025-09-12T11:41:28.817+05:30&amp#27;[0;39m &amp#27;[32mDEBUG&amp#27;[0;39m &amp#27;[35m81373&amp#27;[0;39m &amp#27;[2m---&amp#27;[0;39m &amp#27;[2m[lab-operations] [o-auto-1-exec-7]&amp#27;[0;39m &amp#27;[2m&amp#27;[0;39m&amp#27;[36ms.w.s.m.m.a.RequestMappingHandlerMapping&amp#27;[0;39m &amp#27;[2m:&amp#27;[0;39m Mapped to com.sivalab.laboperations.controller.VisitController#getVisits(String)
Hibernate: 
    select
        v1_0.visit_id,
        v1_0.created_at,
        v1_0.patient_details,
        v1_0.status 
    from
        visits v1_0
Hibernate: 
    select
        b1_0.bill_id,
        b1_0.created_at,
        b1_0.paid,
        b1_0.total_amount,
        b1_0.visit_id 
    from
        billing b1_0 
    where
        b1_0.visit_id=?
Hibernate: 
    select
        lt1_0.visit_id,
        lt1_0.test_id,
        lt1_0.approved,
        lt1_0.approved_at,
        lt1_0.approved_by,
        lt1_0.price,
        lt1_0.results,
        lt1_0.status,
        lt1_0.test_template_id 
    from
        lab_tests lt1_0 
    where
        lt1_0.visit_id=?
&amp#27;[2m2025-09-12T11:41:28.830+05:30&amp#27;[0;39m &amp#27;[32mDEBUG&amp#27;[0;39m &amp#27;[35m81373&amp#27;[0;39m &amp#27;[2m---&amp#27;[0;39m &amp#27;[2m[lab-operations] [o-auto-1-exec-7]&amp#27;[0;39m &amp#27;[2m&amp#27;[0;39m&amp#27;[36mo.s.w.s.m.m.a.HttpEntityMethodProcessor &amp#27;[0;39m &amp#27;[2m:&amp#27;[0;39m Using 'application/json', given [application/json, application/*+json] and supported [application/json, application/*+json]
&amp#27;[2m2025-09-12T11:41:28.830+05:30&amp#27;[0;39m &amp#27;[32mDEBUG&amp#27;[0;39m &amp#27;[35m81373&amp#27;[0;39m &amp#27;[2m---&amp#27;[0;39m &amp#27;[2m[lab-operations] [o-auto-1-exec-7]&amp#27;[0;39m &amp#27;[2m&amp#27;[0;39m&amp#27;[36mo.s.w.s.m.m.a.HttpEntityMethodProcessor &amp#27;[0;39m &amp#27;[2m:&amp#27;[0;39m Writing [[com.sivalab.laboperations.dto.VisitResponse@35bfb96d]]
&amp#27;[2m2025-09-12T11:41:28.831+05:30&amp#27;[0;39m &amp#27;[32mDEBUG&amp#27;[0;39m &amp#27;[35m81373&amp#27;[0;39m &amp#27;[2m---&amp#27;[0;39m &amp#27;[2m[lab-operations] [o-auto-1-exec-7]&amp#27;[0;39m &amp#27;[2m&amp#27;[0;39m&amp#27;[36mo.s.web.servlet.DispatcherServlet       &amp#27;[0;39m &amp#27;[2m:&amp#27;[0;39m Completed 200 OK
&amp#27;[2m2025-09-12T11:41:28.831+05:30&amp#27;[0;39m &amp#27;[32mDEBUG&amp#27;[0;39m &amp#27;[35m81373&amp#27;[0;39m &amp#27;[2m---&amp#27;[0;39m &amp#27;[2m[lab-operations] [           main]&amp#27;[0;39m &amp#27;[2m&amp#27;[0;39m&amp#27;[36mo.s.web.client.RestTemplate             &amp#27;[0;39m &amp#27;[2m:&amp#27;[0;39m Response 200 OK
&amp#27;[2m2025-09-12T11:41:28.831+05:30&amp#27;[0;39m &amp#27;[32mDEBUG&amp#27;[0;39m &amp#27;[35m81373&amp#27;[0;39m &amp#27;[2m---&amp#27;[0;39m &amp#27;[2m[lab-operations] [           main]&amp#27;[0;39m &amp#27;[2m&amp#27;[0;39m&amp#27;[36mo.s.web.client.RestTemplate             &amp#27;[0;39m &amp#27;[2m:&amp#27;[0;39m Reading to [java.lang.Object[]]
]]></system-out>
  </testcase>
</testsuite>