<?xml version="1.0" encoding="UTF-8"?>
<testsuite xmlns:xsi="http://www.w3.org/2001/XMLSchema-instance" xsi:noNamespaceSchemaLocation="https://maven.apache.org/surefire/maven-surefire-plugin/xsd/surefire-test-report-3.0.xsd" version="3.0" name="com.sivalab.laboperations.SimpleApplicationTest" time="3.746" tests="1" errors="0" skipped="0" failures="0">
  <properties>
[...]
</properties>
  <testcase name="contextLoads" classname="com.sivalab.laboperations.SimpleApplicationTest" time="0.278">
    <system-out><![CDATA[11:28:03.316 [main] INFO org.springframework.test.context.support.AnnotationConfigContextLoaderUtils -- Could not detect default configuration classes for test class [com.sivalab.laboperations.SimpleApplicationTest]: SimpleApplicationTest does not declare any static, non-private, non-final, nested classes annotated with @Configuration.
11:28:03.377 [main] INFO org.springframework.boot.test.context.SpringBootTestContextBootstrapper -- Found @SpringBootConfiguration com.sivalab.laboperations.LabOperationsApplication for test class com.sivalab.laboperations.SimpleApplicationTest
11:28:03.460 [main] INFO org.springframework.boot.devtools.restart.RestartApplicationListener -- Restart disabled due to context in which it is running

  .   ____          _            __ _ _
 /\\ / ___'_ __ _ _(_)_ __  __ _ \ \ \ \
( ( )\___ | '_ | '_| | '_ \/ _` | \ \ \ \
 \\/  ___)| |_)| | | | | || (_| |  ) ) ) )
  '  |____| .__|_| |_|_| |_\__, | / / / /
 =========|_|==============|___/=/_/_/_/
&amp#27;[32m :: Spring Boot :: &amp#27;[39m              &amp#27;[2m (v3.2.0)&amp#27;[0;39m

&amp#27;[2m2025-09-12T11:28:03.604+05:30&amp#27;[0;39m &amp#27;[32m INFO&amp#27;[0;39m &amp#27;[35m69940&amp#27;[0;39m &amp#27;[2m---&amp#27;[0;39m &amp#27;[2m[lab-operations] [           main]&amp#27;[0;39m &amp#27;[2m&amp#27;[0;39m&amp#27;[36mc.s.laboperations.SimpleApplicationTest &amp#27;[0;39m &amp#27;[2m:&amp#27;[0;39m Starting SimpleApplicationTest using Java 24.0.2 with PID 69940 (started by ramgopal in /Users/ramgopal/Desktop/siva_lab)
&amp#27;[2m2025-09-12T11:28:03.604+05:30&amp#27;[0;39m &amp#27;[32mDEBUG&amp#27;[0;39m &amp#27;[35m69940&amp#27;[0;39m &amp#27;[2m---&amp#27;[0;39m &amp#27;[2m[lab-operations] [           main]&amp#27;[0;39m &amp#27;[2m&amp#27;[0;39m&amp#27;[36mc.s.laboperations.SimpleApplicationTest &amp#27;[0;39m &amp#27;[2m:&amp#27;[0;39m Running with Spring Boot v3.2.0, Spring v6.1.1
&amp#27;[2m2025-09-12T11:28:03.604+05:30&amp#27;[0;39m &amp#27;[32m INFO&amp#27;[0;39m &amp#27;[35m69940&amp#27;[0;39m &amp#27;[2m---&amp#27;[0;39m &amp#27;[2m[lab-operations] [           main]&amp#27;[0;39m &amp#27;[2m&amp#27;[0;39m&amp#27;[36mc.s.laboperations.SimpleApplicationTest &amp#27;[0;39m &amp#27;[2m:&amp#27;[0;39m The following 1 profile is active: "local"
&amp#27;[2m2025-09-12T11:28:03.620+05:30&amp#27;[0;39m &amp#27;[32mDEBUG&amp#27;[0;39m &amp#27;[35m69940&amp#27;[0;39m &amp#27;[2m---&amp#27;[0;39m &amp#27;[2m[lab-operations] [           main]&amp#27;[0;39m &amp#27;[2m&amp#27;[0;39m&amp#27;[36mo.s.w.c.s.GenericWebApplicationContext  &amp#27;[0;39m &amp#27;[2m:&amp#27;[0;39m Refreshing org.springframework.web.context.support.GenericWebApplicationContext@38d5b107
&amp#27;[2m2025-09-12T11:28:04.056+05:30&amp#27;[0;39m &amp#27;[32m INFO&amp#27;[0;39m &amp#27;[35m69940&amp#27;[0;39m &amp#27;[2m---&amp#27;[0;39m &amp#27;[2m[lab-operations] [           main]&amp#27;[0;39m &amp#27;[2m&amp#27;[0;39m&amp#27;[36m.s.d.r.c.RepositoryConfigurationDelegate&amp#27;[0;39m &amp#27;[2m:&amp#27;[0;39m Bootstrapping Spring Data JPA repositories in DEFAULT mode.
&amp#27;[2m2025-09-12T11:28:04.087+05:30&amp#27;[0;39m &amp#27;[32m INFO&amp#27;[0;39m &amp#27;[35m69940&amp#27;[0;39m &amp#27;[2m---&amp#27;[0;39m &amp#27;[2m[lab-operations] [           main]&amp#27;[0;39m &amp#27;[2m&amp#27;[0;39m&amp#27;[36m.s.d.r.c.RepositoryConfigurationDelegate&amp#27;[0;39m &amp#27;[2m:&amp#27;[0;39m Finished Spring Data repository scanning in 27 ms. Found 4 JPA repository interfaces.
&amp#27;[2m2025-09-12T11:28:04.436+05:30&amp#27;[0;39m &amp#27;[32m INFO&amp#27;[0;39m &amp#27;[35m69940&amp#27;[0;39m &amp#27;[2m---&amp#27;[0;39m &amp#27;[2m[lab-operations] [           main]&amp#27;[0;39m &amp#27;[2m&amp#27;[0;39m&amp#27;[36mo.hibernate.jpa.internal.util.LogHelper &amp#27;[0;39m &amp#27;[2m:&amp#27;[0;39m HHH000204: Processing PersistenceUnitInfo [name: default]
&amp#27;[2m2025-09-12T11:28:04.468+05:30&amp#27;[0;39m &amp#27;[32m INFO&amp#27;[0;39m &amp#27;[35m69940&amp#27;[0;39m &amp#27;[2m---&amp#27;[0;39m &amp#27;[2m[lab-operations] [           main]&amp#27;[0;39m &amp#27;[2m&amp#27;[0;39m&amp#27;[36morg.hibernate.Version                   &amp#27;[0;39m &amp#27;[2m:&amp#27;[0;39m HHH000412: Hibernate ORM core version 6.3.1.Final
&amp#27;[2m2025-09-12T11:28:04.487+05:30&amp#27;[0;39m &amp#27;[32m INFO&amp#27;[0;39m &amp#27;[35m69940&amp#27;[0;39m &amp#27;[2m---&amp#27;[0;39m &amp#27;[2m[lab-operations] [           main]&amp#27;[0;39m &amp#27;[2m&amp#27;[0;39m&amp#27;[36mo.h.c.internal.RegionFactoryInitiator   &amp#27;[0;39m &amp#27;[2m:&amp#27;[0;39m HHH000026: Second-level cache disabled
&amp#27;[2m2025-09-12T11:28:04.606+05:30&amp#27;[0;39m &amp#27;[32m INFO&amp#27;[0;39m &amp#27;[35m69940&amp#27;[0;39m &amp#27;[2m---&amp#27;[0;39m &amp#27;[2m[lab-operations] [           main]&amp#27;[0;39m &amp#27;[2m&amp#27;[0;39m&amp#27;[36mo.s.o.j.p.SpringPersistenceUnitInfo     &amp#27;[0;39m &amp#27;[2m:&amp#27;[0;39m No LoadTimeWeaver setup: ignoring JPA class transformer
&amp#27;[2m2025-09-12T11:28:04.619+05:30&amp#27;[0;39m &amp#27;[32m INFO&amp#27;[0;39m &amp#27;[35m69940&amp#27;[0;39m &amp#27;[2m---&amp#27;[0;39m &amp#27;[2m[lab-operations] [           main]&amp#27;[0;39m &amp#27;[2m&amp#27;[0;39m&amp#27;[36mcom.zaxxer.hikari.HikariDataSource      &amp#27;[0;39m &amp#27;[2m:&amp#27;[0;39m HikariPool-1 - Starting...
&amp#27;[2m2025-09-12T11:28:04.705+05:30&amp#27;[0;39m &amp#27;[32m INFO&amp#27;[0;39m &amp#27;[35m69940&amp#27;[0;39m &amp#27;[2m---&amp#27;[0;39m &amp#27;[2m[lab-operations] [           main]&amp#27;[0;39m &amp#27;[2m&amp#27;[0;39m&amp#27;[36mcom.zaxxer.hikari.pool.HikariPool       &amp#27;[0;39m &amp#27;[2m:&amp#27;[0;39m HikariPool-1 - Added connection conn0: url=jdbc:h2:mem:testdb user=SA
&amp#27;[2m2025-09-12T11:28:04.706+05:30&amp#27;[0;39m &amp#27;[32m INFO&amp#27;[0;39m &amp#27;[35m69940&amp#27;[0;39m &amp#27;[2m---&amp#27;[0;39m &amp#27;[2m[lab-operations] [           main]&amp#27;[0;39m &amp#27;[2m&amp#27;[0;39m&amp#27;[36mcom.zaxxer.hikari.HikariDataSource      &amp#27;[0;39m &amp#27;[2m:&amp#27;[0;39m HikariPool-1 - Start completed.
&amp#27;[2m2025-09-12T11:28:04.726+05:30&amp#27;[0;39m &amp#27;[33m WARN&amp#27;[0;39m &amp#27;[35m69940&amp#27;[0;39m &amp#27;[2m---&amp#27;[0;39m &amp#27;[2m[lab-operations] [           main]&amp#27;[0;39m &amp#27;[2m&amp#27;[0;39m&amp#27;[36morg.hibernate.orm.deprecation           &amp#27;[0;39m &amp#27;[2m:&amp#27;[0;39m HHH90000025: H2Dialect does not need to be specified explicitly using 'hibernate.dialect' (remove the property setting and it will be selected by default)
&amp#27;[2m2025-09-12T11:28:05.183+05:30&amp#27;[0;39m &amp#27;[32m INFO&amp#27;[0;39m &amp#27;[35m69940&amp#27;[0;39m &amp#27;[2m---&amp#27;[0;39m &amp#27;[2m[lab-operations] [           main]&amp#27;[0;39m &amp#27;[2m&amp#27;[0;39m&amp#27;[36mo.h.e.t.j.p.i.JtaPlatformInitiator      &amp#27;[0;39m &amp#27;[2m:&amp#27;[0;39m HHH000489: No JTA platform available (set 'hibernate.transaction.jta.platform' to enable JTA platform integration)
&amp#27;[2m2025-09-12T11:28:05.190+05:30&amp#27;[0;39m &amp#27;[32mDEBUG&amp#27;[0;39m &amp#27;[35m69940&amp#27;[0;39m &amp#27;[2m---&amp#27;[0;39m &amp#27;[2m[lab-operations] [           main]&amp#27;[0;39m &amp#27;[2m&amp#27;[0;39m&amp#27;[36morg.hibernate.SQL                       &amp#27;[0;39m &amp#27;[2m:&amp#27;[0;39m 
    drop table if exists billing cascade 
Hibernate: 
    drop table if exists billing cascade 
&amp#27;[2m2025-09-12T11:28:05.192+05:30&amp#27;[0;39m &amp#27;[32mDEBUG&amp#27;[0;39m &amp#27;[35m69940&amp#27;[0;39m &amp#27;[2m---&amp#27;[0;39m &amp#27;[2m[lab-operations] [           main]&amp#27;[0;39m &amp#27;[2m&amp#27;[0;39m&amp#27;[36morg.hibernate.SQL                       &amp#27;[0;39m &amp#27;[2m:&amp#27;[0;39m 
    drop table if exists lab_tests cascade 
Hibernate: 
    drop table if exists lab_tests cascade 
&amp#27;[2m2025-09-12T11:28:05.192+05:30&amp#27;[0;39m &amp#27;[32mDEBUG&amp#27;[0;39m &amp#27;[35m69940&amp#27;[0;39m &amp#27;[2m---&amp#27;[0;39m &amp#27;[2m[lab-operations] [           main]&amp#27;[0;39m &amp#27;[2m&amp#27;[0;39m&amp#27;[36morg.hibernate.SQL                       &amp#27;[0;39m &amp#27;[2m:&amp#27;[0;39m 
    drop table if exists test_templates cascade 
Hibernate: 
    drop table if exists test_templates cascade 
&amp#27;[2m2025-09-12T11:28:05.192+05:30&amp#27;[0;39m &amp#27;[32mDEBUG&amp#27;[0;39m &amp#27;[35m69940&amp#27;[0;39m &amp#27;[2m---&amp#27;[0;39m &amp#27;[2m[lab-operations] [           main]&amp#27;[0;39m &amp#27;[2m&amp#27;[0;39m&amp#27;[36morg.hibernate.SQL                       &amp#27;[0;39m &amp#27;[2m:&amp#27;[0;39m 
    drop table if exists visits cascade 
Hibernate: 
    drop table if exists visits cascade 
&amp#27;[2m2025-09-12T11:28:05.195+05:30&amp#27;[0;39m &amp#27;[32mDEBUG&amp#27;[0;39m &amp#27;[35m69940&amp#27;[0;39m &amp#27;[2m---&amp#27;[0;39m &amp#27;[2m[lab-operations] [           main]&amp#27;[0;39m &amp#27;[2m&amp#27;[0;39m&amp#27;[36morg.hibernate.SQL                       &amp#27;[0;39m &amp#27;[2m:&amp#27;[0;39m 
    create table billing (
        paid boolean,
        total_amount numeric(10,2) not null,
        bill_id bigint generated by default as identity,
        created_at timestamp(6),
        visit_id bigint not null unique,
        primary key (bill_id)
    )
Hibernate: 
    create table billing (
        paid boolean,
        total_amount numeric(10,2) not null,
        bill_id bigint generated by default as identity,
        created_at timestamp(6),
        visit_id bigint not null unique,
        primary key (bill_id)
    )
&amp#27;[2m2025-09-12T11:28:05.200+05:30&amp#27;[0;39m &amp#27;[32mDEBUG&amp#27;[0;39m &amp#27;[35m69940&amp#27;[0;39m &amp#27;[2m---&amp#27;[0;39m &amp#27;[2m[lab-operations] [           main]&amp#27;[0;39m &amp#27;[2m&amp#27;[0;39m&amp#27;[36morg.hibernate.SQL                       &amp#27;[0;39m &amp#27;[2m:&amp#27;[0;39m 
    create table lab_tests (
        approved boolean,
        price numeric(10,2) not null,
        approved_at timestamp(6),
        test_id bigint generated by default as identity,
        test_template_id bigint not null,
        visit_id bigint not null,
        approved_by varchar(255),
        status varchar(255) check (status in ('PENDING','IN_PROGRESS','COMPLETED','APPROVED')),
        results json,
        primary key (test_id)
    )
Hibernate: 
    create table lab_tests (
        approved boolean,
        price numeric(10,2) not null,
        approved_at timestamp(6),
        test_id bigint generated by default as identity,
        test_template_id bigint not null,
        visit_id bigint not null,
        approved_by varchar(255),
        status varchar(255) check (status in ('PENDING','IN_PROGRESS','COMPLETED','APPROVED')),
        results json,
        primary key (test_id)
    )
&amp#27;[2m2025-09-12T11:28:05.202+05:30&amp#27;[0;39m &amp#27;[32mDEBUG&amp#27;[0;39m &amp#27;[35m69940&amp#27;[0;39m &amp#27;[2m---&amp#27;[0;39m &amp#27;[2m[lab-operations] [           main]&amp#27;[0;39m &amp#27;[2m&amp#27;[0;39m&amp#27;[36morg.hibernate.SQL                       &amp#27;[0;39m &amp#27;[2m:&amp#27;[0;39m 
    create table test_templates (
        base_price numeric(10,2) not null,
        created_at timestamp(6),
        template_id bigint generated by default as identity,
        description varchar(255),
        name varchar(255) not null,
        parameters json not null,
        primary key (template_id)
    )
Hibernate: 
    create table test_templates (
        base_price numeric(10,2) not null,
        created_at timestamp(6),
        template_id bigint generated by default as identity,
        description varchar(255),
        name varchar(255) not null,
        parameters json not null,
        primary key (template_id)
    )
&amp#27;[2m2025-09-12T11:28:05.203+05:30&amp#27;[0;39m &amp#27;[32mDEBUG&amp#27;[0;39m &amp#27;[35m69940&amp#27;[0;39m &amp#27;[2m---&amp#27;[0;39m &amp#27;[2m[lab-operations] [           main]&amp#27;[0;39m &amp#27;[2m&amp#27;[0;39m&amp#27;[36morg.hibernate.SQL                       &amp#27;[0;39m &amp#27;[2m:&amp#27;[0;39m 
    create table visits (
        created_at timestamp(6),
        visit_id bigint generated by default as identity,
        status varchar(255) check (status in ('PENDING','IN_PROGRESS','AWAITING_APPROVAL','APPROVED','BILLED','COMPLETED')),
        patient_details json not null,
        primary key (visit_id)
    )
Hibernate: 
    create table visits (
        created_at timestamp(6),
        visit_id bigint generated by default as identity,
        status varchar(255) check (status in ('PENDING','IN_PROGRESS','AWAITING_APPROVAL','APPROVED','BILLED','COMPLETED')),
        patient_details json not null,
        primary key (visit_id)
    )
&amp#27;[2m2025-09-12T11:28:05.204+05:30&amp#27;[0;39m &amp#27;[32mDEBUG&amp#27;[0;39m &amp#27;[35m69940&amp#27;[0;39m &amp#27;[2m---&amp#27;[0;39m &amp#27;[2m[lab-operations] [           main]&amp#27;[0;39m &amp#27;[2m&amp#27;[0;39m&amp#27;[36morg.hibernate.SQL                       &amp#27;[0;39m &amp#27;[2m:&amp#27;[0;39m 
    alter table if exists billing 
       add constraint FKa5oci06wp8oxjsgnarct81mnp 
       foreign key (visit_id) 
       references visits
Hibernate: 
    alter table if exists billing 
       add constraint FKa5oci06wp8oxjsgnarct81mnp 
       foreign key (visit_id) 
       references visits
&amp#27;[2m2025-09-12T11:28:05.213+05:30&amp#27;[0;39m &amp#27;[32mDEBUG&amp#27;[0;39m &amp#27;[35m69940&amp#27;[0;39m &amp#27;[2m---&amp#27;[0;39m &amp#27;[2m[lab-operations] [           main]&amp#27;[0;39m &amp#27;[2m&amp#27;[0;39m&amp#27;[36morg.hibernate.SQL                       &amp#27;[0;39m &amp#27;[2m:&amp#27;[0;39m 
    alter table if exists lab_tests 
       add constraint FK4pv70epn1o64jyhr2rj35n5ay 
       foreign key (test_template_id) 
       references test_templates
Hibernate: 
    alter table if exists lab_tests 
       add constraint FK4pv70epn1o64jyhr2rj35n5ay 
       foreign key (test_template_id) 
       references test_templates
&amp#27;[2m2025-09-12T11:28:05.214+05:30&amp#27;[0;39m &amp#27;[32mDEBUG&amp#27;[0;39m &amp#27;[35m69940&amp#27;[0;39m &amp#27;[2m---&amp#27;[0;39m &amp#27;[2m[lab-operations] [           main]&amp#27;[0;39m &amp#27;[2m&amp#27;[0;39m&amp#27;[36morg.hibernate.SQL                       &amp#27;[0;39m &amp#27;[2m:&amp#27;[0;39m 
    alter table if exists lab_tests 
       add constraint FKmxlsk5pvipsxufbf9wpk5jd5y 
       foreign key (visit_id) 
       references visits
Hibernate: 
    alter table if exists lab_tests 
       add constraint FKmxlsk5pvipsxufbf9wpk5jd5y 
       foreign key (visit_id) 
       references visits
&amp#27;[2m2025-09-12T11:28:05.217+05:30&amp#27;[0;39m &amp#27;[32m INFO&amp#27;[0;39m &amp#27;[35m69940&amp#27;[0;39m &amp#27;[2m---&amp#27;[0;39m &amp#27;[2m[lab-operations] [           main]&amp#27;[0;39m &amp#27;[2m&amp#27;[0;39m&amp#27;[36mj.LocalContainerEntityManagerFactoryBean&amp#27;[0;39m &amp#27;[2m:&amp#27;[0;39m Initialized JPA EntityManagerFactory for persistence unit 'default'
&amp#27;[2m2025-09-12T11:28:05.413+05:30&amp#27;[0;39m &amp#27;[32m INFO&amp#27;[0;39m &amp#27;[35m69940&amp#27;[0;39m &amp#27;[2m---&amp#27;[0;39m &amp#27;[2m[lab-operations] [           main]&amp#27;[0;39m &amp#27;[2m&amp#27;[0;39m&amp#27;[36mo.s.d.j.r.query.QueryEnhancerFactory    &amp#27;[0;39m &amp#27;[2m:&amp#27;[0;39m Hibernate is in classpath; If applicable, HQL parser will be used.
&amp#27;[2m2025-09-12T11:28:06.079+05:30&amp#27;[0;39m &amp#27;[33m WARN&amp#27;[0;39m &amp#27;[35m69940&amp#27;[0;39m &amp#27;[2m---&amp#27;[0;39m &amp#27;[2m[lab-operations] [           main]&amp#27;[0;39m &amp#27;[2m&amp#27;[0;39m&amp#27;[36mJpaBaseConfiguration$JpaWebConfiguration&amp#27;[0;39m &amp#27;[2m:&amp#27;[0;39m spring.jpa.open-in-view is enabled by default. Therefore, database queries may be performed during view rendering. Explicitly configure spring.jpa.open-in-view to disable this warning
&amp#27;[2m2025-09-12T11:28:06.154+05:30&amp#27;[0;39m &amp#27;[32mDEBUG&amp#27;[0;39m &amp#27;[35m69940&amp#27;[0;39m &amp#27;[2m---&amp#27;[0;39m &amp#27;[2m[lab-operations] [           main]&amp#27;[0;39m &amp#27;[2m&amp#27;[0;39m&amp#27;[36ms.w.s.m.m.a.RequestMappingHandlerMapping&amp#27;[0;39m &amp#27;[2m:&amp#27;[0;39m 27 mappings in 'requestMappingHandlerMapping'
&amp#27;[2m2025-09-12T11:28:06.244+05:30&amp#27;[0;39m &amp#27;[32mDEBUG&amp#27;[0;39m &amp#27;[35m69940&amp#27;[0;39m &amp#27;[2m---&amp#27;[0;39m &amp#27;[2m[lab-operations] [           main]&amp#27;[0;39m &amp#27;[2m&amp#27;[0;39m&amp#27;[36mo.s.w.s.handler.SimpleUrlHandlerMapping &amp#27;[0;39m &amp#27;[2m:&amp#27;[0;39m Patterns [/webjars/**, /**] in 'resourceHandlerMapping'
&amp#27;[2m2025-09-12T11:28:06.278+05:30&amp#27;[0;39m &amp#27;[32mDEBUG&amp#27;[0;39m &amp#27;[35m69940&amp#27;[0;39m &amp#27;[2m---&amp#27;[0;39m &amp#27;[2m[lab-operations] [           main]&amp#27;[0;39m &amp#27;[2m&amp#27;[0;39m&amp#27;[36ms.w.s.m.m.a.RequestMappingHandlerAdapter&amp#27;[0;39m &amp#27;[2m:&amp#27;[0;39m ControllerAdvice beans: 0 @ModelAttribute, 0 @InitBinder, 1 RequestBodyAdvice, 1 ResponseBodyAdvice
&amp#27;[2m2025-09-12T11:28:06.301+05:30&amp#27;[0;39m &amp#27;[32mDEBUG&amp#27;[0;39m &amp#27;[35m69940&amp#27;[0;39m &amp#27;[2m---&amp#27;[0;39m &amp#27;[2m[lab-operations] [           main]&amp#27;[0;39m &amp#27;[2m&amp#27;[0;39m&amp#27;[36m.m.m.a.ExceptionHandlerExceptionResolver&amp#27;[0;39m &amp#27;[2m:&amp#27;[0;39m ControllerAdvice beans: 1 @ExceptionHandler, 1 ResponseBodyAdvice
&amp#27;[2m2025-09-12T11:28:06.574+05:30&amp#27;[0;39m &amp#27;[32m INFO&amp#27;[0;39m &amp#27;[35m69940&amp#27;[0;39m &amp#27;[2m---&amp#27;[0;39m &amp#27;[2m[lab-operations] [           main]&amp#27;[0;39m &amp#27;[2m&amp#27;[0;39m&amp#27;[36mo.s.b.a.h2.H2ConsoleAutoConfiguration   &amp#27;[0;39m &amp#27;[2m:&amp#27;[0;39m H2 console available at '/h2-console'. Database available at 'jdbc:h2:mem:testdb'
&amp#27;[2m2025-09-12T11:28:06.592+05:30&amp#27;[0;39m &amp#27;[32m INFO&amp#27;[0;39m &amp#27;[35m69940&amp#27;[0;39m &amp#27;[2m---&amp#27;[0;39m &amp#27;[2m[lab-operations] [           main]&amp#27;[0;39m &amp#27;[2m&amp#27;[0;39m&amp#27;[36mo.s.b.a.e.web.EndpointLinksResolver     &amp#27;[0;39m &amp#27;[2m:&amp#27;[0;39m Exposing 3 endpoint(s) beneath base path '/actuator'
&amp#27;[2m2025-09-12T11:28:06.641+05:30&amp#27;[0;39m &amp#27;[32m INFO&amp#27;[0;39m &amp#27;[35m69940&amp#27;[0;39m &amp#27;[2m---&amp#27;[0;39m &amp#27;[2m[lab-operations] [           main]&amp#27;[0;39m &amp#27;[2m&amp#27;[0;39m&amp#27;[36mc.s.laboperations.SimpleApplicationTest &amp#27;[0;39m &amp#27;[2m:&amp#27;[0;39m Started SimpleApplicationTest in 3.188 seconds (process running for 3.674)
]]></system-out>
    <system-err><![CDATA[WARNING: A Java agent has been loaded dynamically (/Users/ramgopal/.m2/repository/net/bytebuddy/byte-buddy-agent/1.14.10/byte-buddy-agent-1.14.10.jar)
WARNING: If a serviceability tool is in use, please run with -XX:+EnableDynamicAgentLoading to hide this warning
WARNING: If a serviceability tool is not in use, please run with -Djdk.instrument.traceUsage for more information
WARNING: Dynamic loading of agents will be disallowed by default in a future release
]]></system-err>
  </testcase>
</testsuite>